<?xml version="1.0" encoding="UTF-8"?>
<!-- Generated by org.testng.reporters.JUnitReportReporter -->
<testsuite skipped="0" hostname="DESKTOP-NG6L080" name="com.testCases.HomebuttonTest_002" tests="1" failures="0" timestamp="2021-12-09T22:31:31 EST" time="6.975" errors="0">
  <testcase name="Homebuttontest" time="6.975" classname="com.testCases.HomebuttonTest_002"/>
  <system-out/>
</testsuite> <!-- com.testCases.HomebuttonTest_002 -->
