<?xml version="1.0" encoding="UTF-8"?>
<!-- Generated by org.testng.reporters.JUnitReportReporter -->
<testsuite skipped="0" hostname="DESKTOP-NG6L080" name="com.testCases.TC0011Pencilicon_firstnameTest" tests="1" failures="0" timestamp="2021-12-09T22:45:41 EST" time="7.314" errors="0">
  <testcase name="Pencilicon_firstnameTest" time="7.314" classname="com.testCases.TC0011Pencilicon_firstnameTest"/>
  <system-out/>
</testsuite> <!-- com.testCases.TC0011Pencilicon_firstnameTest -->
