<?xml version="1.0" encoding="UTF-8"?>
<!-- Generated by org.testng.reporters.JUnitReportReporter -->
<testsuite skipped="0" hostname="DESKTOP-NG6L080" name="com.testCases.TC006HeaderNotificationTest" tests="1" failures="0" timestamp="2021-12-09T22:21:33 EST" time="7.520" errors="0">
  <testcase name="TC006HeaderNotificationtest" time="7.520" classname="com.testCases.TC006HeaderNotificationTest"/>
  <system-out/>
</testsuite> <!-- com.testCases.TC006HeaderNotificationTest -->
