<?xml version="1.0" encoding="UTF-8"?>
<!-- Generated by org.testng.reporters.JUnitReportReporter -->
<testsuite skipped="0" hostname="DESKTOP-NG6L080" name="com.testCases.JMB_CA_MyProf_015" tests="1" failures="0" timestamp="2021-12-10T14:56:11 EST" time="8.520" errors="0">
  <testcase name="JMB_CA_MyProf_15" time="8.520" classname="com.testCases.JMB_CA_MyProf_015"/>
  <system-out/>
</testsuite> <!-- com.testCases.JMB_CA_MyProf_015 -->
