<?xml version="1.0" encoding="UTF-8"?>
<!-- Generated by org.testng.reporters.JUnitReportReporter -->
<testsuite skipped="0" hostname="DESKTOP-NG6L080" name="com.testCases.TC007HeaderWorkTest$TC004HeaderJobsTest" tests="1" failures="0" timestamp="2021-12-09T22:23:27 EST" time="8.553" errors="0">
  <testcase name="TC004HeaderJobstest" time="8.553" classname="com.testCases.TC007HeaderWorkTest$TC004HeaderJobsTest"/>
  <system-out/>
</testsuite> <!-- com.testCases.TC007HeaderWorkTest$TC004HeaderJobsTest -->
