<?xml version="1.0" encoding="UTF-8"?>
<!-- Generated by org.testng.reporters.JUnitReportReporter -->
<testsuite skipped="0" hostname="DESKTOP-NG6L080" name="com.testCases.TC008HeaderMyprofile" tests="1" failures="0" timestamp="2021-12-09T22:25:33 EST" time="6.714" errors="0">
  <testcase name="TC008Headermyprofile" time="6.714" classname="com.testCases.TC008HeaderMyprofile"/>
  <system-out/>
</testsuite> <!-- com.testCases.TC008HeaderMyprofile -->
