<?xml version="1.0" encoding="UTF-8"?>
<!-- Generated by org.testng.reporters.JUnitReportReporter -->
<testsuite skipped="0" hostname="DESKTOP-NG6L080" name="com.testCases.HomebuttonTest" tests="1" failures="0" timestamp="2021-12-06T15:41:51 EST" time="7.592" errors="0">
  <testcase name="Homebuttontest" time="7.592" classname="com.testCases.HomebuttonTest"/>
  <system-out/>
</testsuite> <!-- com.testCases.HomebuttonTest -->
