<?xml version="1.0" encoding="UTF-8"?>
<!-- Generated by org.testng.reporters.JUnitReportReporter -->
<testsuite skipped="0" hostname="DESKTOP-NG6L080" name="com.testCases.TC009Pencilicon_UserinfoTest" tests="1" failures="0" timestamp="2021-12-08T14:43:46 EST" time="7.614" errors="0">
  <testcase name="Pencilicon_UserinfoTest" time="7.614" classname="com.testCases.TC009Pencilicon_UserinfoTest"/>
  <system-out/>
</testsuite> <!-- com.testCases.TC009Pencilicon_UserinfoTest -->
