<?xml version="1.0" encoding="UTF-8"?>
<!-- Generated by org.testng.reporters.JUnitReportReporter -->
<testsuite skipped="0" hostname="DESKTOP-NG6L080" name="com.testCases.TC004HeaderJobsTest" tests="1" failures="0" timestamp="2021-12-09T22:17:39 EST" time="9.256" errors="0">
  <testcase name="TC004HeaderJobstest" time="9.256" classname="com.testCases.TC004HeaderJobsTest"/>
  <system-out/>
</testsuite> <!-- com.testCases.TC004HeaderJobsTest -->
