<?xml version="1.0" encoding="UTF-8"?>
<!-- Generated by org.testng.reporters.JUnitReportReporter -->
<testsuite skipped="0" hostname="DESKTOP-NG6L080" name="com.testCases.TC005HeaderCompanyTest" tests="1" failures="0" timestamp="2021-12-09T22:19:44 EST" time="8.709" errors="0">
  <testcase name="TC005HeaderCompanytest" time="8.709" classname="com.testCases.TC005HeaderCompanyTest"/>
  <system-out/>
</testsuite> <!-- com.testCases.TC005HeaderCompanyTest -->
