<?xml version="1.0" encoding="UTF-8"?>
<!-- Generated by org.testng.reporters.JUnitReportReporter -->
<testsuite skipped="0" hostname="DESKTOP-NG6L080" name="com.testCases.TC003Profilescreen_userprofile" tests="1" failures="0" timestamp="2021-12-09T22:12:27 EST" time="4.934" errors="0">
  <testcase name="TC003Profilescreen" time="4.934" classname="com.testCases.TC003Profilescreen_userprofile"/>
  <system-out/>
</testsuite> <!-- com.testCases.TC003Profilescreen_userprofile -->
