<?xml version="1.0" encoding="UTF-8"?>
<!-- Generated by org.testng.reporters.JUnitReportReporter -->
<testsuite skipped="0" hostname="DESKTOP-NG6L080" name="com.testCases.JMB_CA_MyProf_006$TC004HeaderJobsTest" tests="1" failures="0" timestamp="2021-12-10T14:56:11 EST" time="7.974" errors="0">
  <testcase name="TC004HeaderJobstest" time="7.974" classname="com.testCases.JMB_CA_MyProf_006$TC004HeaderJobsTest"/>
  <system-out/>
</testsuite> <!-- com.testCases.JMB_CA_MyProf_006$TC004HeaderJobsTest -->
