<?xml version="1.0" encoding="UTF-8"?>
<!-- Generated by org.testng.reporters.JUnitReportReporter -->
<testsuite skipped="0" hostname="DESKTOP-NG6L080" name="com.testCases.JMB_CA_MyProf_008" tests="1" failures="0" timestamp="2021-12-10T14:56:11 EST" time="7.719" errors="0">
  <testcase name="Pencilicon_UserinfoTest" time="7.719" classname="com.testCases.JMB_CA_MyProf_008"/>
  <system-out/>
</testsuite> <!-- com.testCases.JMB_CA_MyProf_008 -->
