<?xml version="1.0" encoding="UTF-8"?>
<!-- Generated by org.testng.reporters.JUnitReportReporter -->
<testsuite skipped="0" hostname="DESKTOP-NG6L080" name="com.testCases.JMB_CA_MyProf_007" tests="1" failures="0" timestamp="2021-12-10T14:56:11 EST" time="8.872" errors="0">
  <testcase name="TC008Headermyprofile" time="8.872" classname="com.testCases.JMB_CA_MyProf_007"/>
  <system-out/>
</testsuite> <!-- com.testCases.JMB_CA_MyProf_007 -->
