<?xml version="1.0" encoding="UTF-8"?>
<!-- Generated by org.testng.reporters.JUnitReportReporter -->
<testsuite skipped="0" hostname="DESKTOP-NG6L080" name="com.testCases.LoginTest" tests="1" failures="0" timestamp="2021-12-10T14:56:11 EST" time="4.960" errors="0">
  <testcase name="Logintest" time="4.960" classname="com.testCases.LoginTest"/>
  <system-out/>
</testsuite> <!-- com.testCases.LoginTest -->
